<?xml version="1.0" encoding="UTF-8"?>
<!-- Generated by org.testng.reporters.JUnitReportReporter -->
<testsuite hostname="WINDOWS-EJOHCAB" failures="0" tests="1" name="com.crm.comcast.genericutility.NewTest" time="0.009" errors="0" timestamp="2021-12-05T13:29:50 IST" skipped="0">
  <testcase classname="com.crm.comcast.genericutility.NewTest" name="f" time="0.009"/>
  <system-out/>
</testsuite> <!-- com.crm.comcast.genericutility.NewTest -->
